Command line invocation:
    /Applications/Xcode.app/Contents/Developer/usr/bin/xcodebuild -project lara.xcodeproj -scheme lara -configuration Debug -destination generic/platform=iOS CODE_SIGNING_ALLOWED=NO CODE_SIGNING_REQUIRED=NO CODE_SIGN_IDENTITY= CODE_SIGN_ENTITLEMENTS= archive -archivePath /Users/system/Documents/test/lara-main/build/lara.xcarchive

User defaults from command line:
    IDEArchivePathOverride = /Users/system/Documents/test/lara-main/build/lara.xcarchive
    IDEPackageSupportUseBuiltinSCM = YES

Build settings from command line:
    CODE_SIGN_ENTITLEMENTS = 
    CODE_SIGN_IDENTITY = 
    CODE_SIGNING_ALLOWED = NO
    CODE_SIGNING_REQUIRED = NO

Prepare packages

note: Using codesigning identity override: 
ComputeTargetDependencyGraph
note: Building targets in dependency order
note: Target dependency graph (1 target)
    Target 'lara' in project 'lara' (no dependencies)

GatherProvisioningInputs

CreateBuildDescription

ExecuteExternalTool /Applications/Xcode.app/Contents/Developer/Toolchains/XcodeDefault.xctoolchain/usr/bin/clang -v -E -dM -isysroot /Applications/Xcode.app/Contents/Developer/Platforms/iPhoneOS.platform/Developer/SDKs/iPhoneOS18.2.sdk -x c -c /dev/null

ExecuteExternalTool /Applications/Xcode.app/Contents/Developer/Toolchains/XcodeDefault.xctoolchain/usr/bin/clang -v -E -dM -arch arm64e -isysroot /Applications/Xcode.app/Contents/Developer/Platforms/iPhoneOS.platform/Developer/SDKs/iPhoneOS18.2.sdk -x objective-c -c /dev/null

ExecuteExternalTool /Applications/Xcode.app/Contents/Developer/usr/bin/actool --print-asset-tag-combinations --output-format xml1 /Users/system/Documents/test/lara-main/lara/other/media.xcassets

ExecuteExternalTool /Applications/Xcode.app/Contents/Developer/usr/bin/actool --version --output-format xml1

ExecuteExternalTool /Applications/Xcode.app/Contents/Developer/Toolchains/XcodeDefault.xctoolchain/usr/bin/swiftc --version

ExecuteExternalTool /Applications/Xcode.app/Contents/Developer/Toolchains/XcodeDefault.xctoolchain/usr/bin/ld -version_details

ExecuteExternalTool /Applications/Xcode.app/Contents/Developer/Toolchains/XcodeDefault.xctoolchain/usr/bin/clang -v -E -dM -arch arm64e -isysroot /Applications/Xcode.app/Contents/Developer/Platforms/iPhoneOS.platform/Developer/SDKs/iPhoneOS18.2.sdk -x c -c /dev/null

Build description signature: 0138a566ed85004ce02abfcf3d23bcac
Build description path: /Users/system/Library/Developer/Xcode/DerivedData/lara-fjidnhqxodkaeehbqlqrachwnqzn/Build/Intermediates.noindex/ArchiveIntermediates/lara/IntermediateBuildFilesPath/XCBuildData/0138a566ed85004ce02abfcf3d23bcac.xcbuilddata
CreateBuildDirectory /Users/system/Library/Developer/Xcode/DerivedData/lara-fjidnhqxodkaeehbqlqrachwnqzn/Build/Intermediates.noindex/ArchiveIntermediates/lara/InstallationBuildProductsLocation
    cd /Users/system/Documents/test/lara-main/lara.xcodeproj
    builtin-create-build-directory /Users/system/Library/Developer/Xcode/DerivedData/lara-fjidnhqxodkaeehbqlqrachwnqzn/Build/Intermediates.noindex/ArchiveIntermediates/lara/InstallationBuildProductsLocation

ClangStatCache /Applications/Xcode.app/Contents/Developer/Toolchains/XcodeDefault.xctoolchain/usr/bin/clang-stat-cache /Applications/Xcode.app/Contents/Developer/Platforms/iPhoneOS.platform/Developer/SDKs/iPhoneOS18.2.sdk /Users/system/Library/Developer/Xcode/DerivedData/SDKStatCaches.noindex/iphoneos18.2-22C146-d5b9239ec3bf5b3adbecdf21472871e3.sdkstatcache
    cd /Users/system/Documents/test/lara-main/lara.xcodeproj
    /Applications/Xcode.app/Contents/Developer/Toolchains/XcodeDefault.xctoolchain/usr/bin/clang-stat-cache /Applications/Xcode.app/Contents/Developer/Platforms/iPhoneOS.platform/Developer/SDKs/iPhoneOS18.2.sdk -o /Users/system/Library/Developer/Xcode/DerivedData/SDKStatCaches.noindex/iphoneos18.2-22C146-d5b9239ec3bf5b3adbecdf21472871e3.sdkstatcache

CreateBuildDirectory /Users/system/Library/Developer/Xcode/DerivedData/lara-fjidnhqxodkaeehbqlqrachwnqzn/Build/Intermediates.noindex/ArchiveIntermediates/lara/BuildProductsPath
    cd /Users/system/Documents/test/lara-main/lara.xcodeproj
    builtin-create-build-directory /Users/system/Library/Developer/Xcode/DerivedData/lara-fjidnhqxodkaeehbqlqrachwnqzn/Build/Intermediates.noindex/ArchiveIntermediates/lara/BuildProductsPath

CreateBuildDirectory /Users/system/Library/Developer/Xcode/DerivedData/lara-fjidnhqxodkaeehbqlqrachwnqzn/Build/Intermediates.noindex/ArchiveIntermediates/lara/IntermediateBuildFilesPath
    cd /Users/system/Documents/test/lara-main/lara.xcodeproj
    builtin-create-build-directory /Users/system/Library/Developer/Xcode/DerivedData/lara-fjidnhqxodkaeehbqlqrachwnqzn/Build/Intermediates.noindex/ArchiveIntermediates/lara/IntermediateBuildFilesPath

CreateBuildDirectory /Users/system/Library/Developer/Xcode/DerivedData/lara-fjidnhqxodkaeehbqlqrachwnqzn/Build/Intermediates.noindex/ArchiveIntermediates/lara/BuildProductsPath/Debug-iphoneos
    cd /Users/system/Documents/test/lara-main/lara.xcodeproj
    builtin-create-build-directory /Users/system/Library/Developer/Xcode/DerivedData/lara-fjidnhqxodkaeehbqlqrachwnqzn/Build/Intermediates.noindex/ArchiveIntermediates/lara/BuildProductsPath/Debug-iphoneos

WriteAuxiliaryFile /Users/system/Library/Developer/Xcode/DerivedData/lara-fjidnhqxodkaeehbqlqrachwnqzn/Build/Intermediates.noindex/ArchiveIntermediates/lara/IntermediateBuildFilesPath/lara.build/Debug-iphoneos/lara-4c702f234c682efa825d6a31718a42f0-VFS-iphoneos/all-product-headers.yaml
    cd /Users/system/Documents/test/lara-main/lara.xcodeproj
    write-file /Users/system/Library/Developer/Xcode/DerivedData/lara-fjidnhqxodkaeehbqlqrachwnqzn/Build/Intermediates.noindex/ArchiveIntermediates/lara/IntermediateBuildFilesPath/lara.build/Debug-iphoneos/lara-4c702f234c682efa825d6a31718a42f0-VFS-iphoneos/all-product-headers.yaml

CreateBuildDirectory /Users/system/Library/Developer/Xcode/DerivedData/lara-fjidnhqxodkaeehbqlqrachwnqzn/Build/Intermediates.noindex/ArchiveIntermediates/lara/IntermediateBuildFilesPath/EagerLinkingTBDs/Debug-iphoneos
    cd /Users/system/Documents/test/lara-main/lara.xcodeproj
    builtin-create-build-directory /Users/system/Library/Developer/Xcode/DerivedData/lara-fjidnhqxodkaeehbqlqrachwnqzn/Build/Intermediates.noindex/ArchiveIntermediates/lara/IntermediateBuildFilesPath/EagerLinkingTBDs/Debug-iphoneos

WriteAuxiliaryFile /Users/system/Library/Developer/Xcode/DerivedData/lara-fjidnhqxodkaeehbqlqrachwnqzn/Build/Intermediates.noindex/ArchiveIntermediates/lara/IntermediateBuildFilesPath/lara.build/Debug-iphoneos/lara.build/lara-own-target-headers.hmap (in target 'lara' from project 'lara')
    cd /Users/system/Documents/test/lara-main
    write-file /Users/system/Library/Developer/Xcode/DerivedData/lara-fjidnhqxodkaeehbqlqrachwnqzn/Build/Intermediates.noindex/ArchiveIntermediates/lara/IntermediateBuildFilesPath/lara.build/Debug-iphoneos/lara.build/lara-own-target-headers.hmap

WriteAuxiliaryFile /Users/system/Library/Developer/Xcode/DerivedData/lara-fjidnhqxodkaeehbqlqrachwnqzn/Build/Intermediates.noindex/ArchiveIntermediates/lara/IntermediateBuildFilesPath/lara.build/Debug-iphoneos/lara.build/lara.hmap (in target 'lara' from project 'lara')
    cd /Users/system/Documents/test/lara-main
    write-file /Users/system/Library/Developer/Xcode/DerivedData/lara-fjidnhqxodkaeehbqlqrachwnqzn/Build/Intermediates.noindex/ArchiveIntermediates/lara/IntermediateBuildFilesPath/lara.build/Debug-iphoneos/lara.build/lara.hmap

WriteAuxiliaryFile /Users/system/Library/Developer/Xcode/DerivedData/lara-fjidnhqxodkaeehbqlqrachwnqzn/Build/Intermediates.noindex/ArchiveIntermediates/lara/IntermediateBuildFilesPath/lara.build/Debug-iphoneos/lara.build/lara-project-headers.hmap (in target 'lara' from project 'lara')
    cd /Users/system/Documents/test/lara-main
    write-file /Users/system/Library/Developer/Xcode/DerivedData/lara-fjidnhqxodkaeehbqlqrachwnqzn/Build/Intermediates.noindex/ArchiveIntermediates/lara/IntermediateBuildFilesPath/lara.build/Debug-iphoneos/lara.build/lara-project-headers.hmap

WriteAuxiliaryFile /Users/system/Library/Developer/Xcode/DerivedData/lara-fjidnhqxodkaeehbqlqrachwnqzn/Build/Intermediates.noindex/ArchiveIntermediates/lara/IntermediateBuildFilesPath/lara.build/Debug-iphoneos/lara.build/lara-all-target-headers.hmap (in target 'lara' from project 'lara')
    cd /Users/system/Documents/test/lara-main
    write-file /Users/system/Library/Developer/Xcode/DerivedData/lara-fjidnhqxodkaeehbqlqrachwnqzn/Build/Intermediates.noindex/ArchiveIntermediates/lara/IntermediateBuildFilesPath/lara.build/Debug-iphoneos/lara.build/lara-all-target-headers.hmap

WriteAuxiliaryFile /Users/system/Library/Developer/Xcode/DerivedData/lara-fjidnhqxodkaeehbqlqrachwnqzn/Build/Intermediates.noindex/ArchiveIntermediates/lara/IntermediateBuildFilesPath/lara.build/Debug-iphoneos/lara.build/lara-all-non-framework-target-headers.hmap (in target 'lara' from project 'lara')
    cd /Users/system/Documents/test/lara-main
    write-file /Users/system/Library/Developer/Xcode/DerivedData/lara-fjidnhqxodkaeehbqlqrachwnqzn/Build/Intermediates.noindex/ArchiveIntermediates/lara/IntermediateBuildFilesPath/lara.build/Debug-iphoneos/lara.build/lara-all-non-framework-target-headers.hmap

WriteAuxiliaryFile /Users/system/Library/Developer/Xcode/DerivedData/lara-fjidnhqxodkaeehbqlqrachwnqzn/Build/Intermediates.noindex/ArchiveIntermediates/lara/IntermediateBuildFilesPath/lara.build/Debug-iphoneos/lara.build/lara-generated-files.hmap (in target 'lara' from project 'lara')
    cd /Users/system/Documents/test/lara-main
    write-file /Users/system/Library/Developer/Xcode/DerivedData/lara-fjidnhqxodkaeehbqlqrachwnqzn/Build/Intermediates.noindex/ArchiveIntermediates/lara/IntermediateBuildFilesPath/lara.build/Debug-iphoneos/lara.build/lara-generated-files.hmap

WriteAuxiliaryFile /Users/system/Library/Developer/Xcode/DerivedData/lara-fjidnhqxodkaeehbqlqrachwnqzn/Build/Intermediates.noindex/ArchiveIntermediates/lara/IntermediateBuildFilesPath/lara.build/Debug-iphoneos/lara.build/Script-9F4A1D503C4E567890123456.sh (in target 'lara' from project 'lara')
    cd /Users/system/Documents/test/lara-main
    write-file /Users/system/Library/Developer/Xcode/DerivedData/lara-fjidnhqxodkaeehbqlqrachwnqzn/Build/Intermediates.noindex/ArchiveIntermediates/lara/IntermediateBuildFilesPath/lara.build/Debug-iphoneos/lara.build/Script-9F4A1D503C4E567890123456.sh

WriteAuxiliaryFile /Users/system/Library/Developer/Xcode/DerivedData/lara-fjidnhqxodkaeehbqlqrachwnqzn/Build/Intermediates.noindex/ArchiveIntermediates/lara/IntermediateBuildFilesPath/lara.build/Debug-iphoneos/lara.build/lara.DependencyMetadataFileList (in target 'lara' from project 'lara')
    cd /Users/system/Documents/test/lara-main
    write-file /Users/system/Library/Developer/Xcode/DerivedData/lara-fjidnhqxodkaeehbqlqrachwnqzn/Build/Intermediates.noindex/ArchiveIntermediates/lara/IntermediateBuildFilesPath/lara.build/Debug-iphoneos/lara.build/lara.DependencyMetadataFileList

WriteAuxiliaryFile /Users/system/Library/Developer/Xcode/DerivedData/lara-fjidnhqxodkaeehbqlqrachwnqzn/Build/Intermediates.noindex/ArchiveIntermediates/lara/IntermediateBuildFilesPath/lara.build/Debug-iphoneos/lara.build/Objects-normal/arm64e/lara_const_extract_protocols.json (in target 'lara' from project 'lara')
    cd /Users/system/Documents/test/lara-main
    write-file /Users/system/Library/Developer/Xcode/DerivedData/lara-fjidnhqxodkaeehbqlqrachwnqzn/Build/Intermediates.noindex/ArchiveIntermediates/lara/IntermediateBuildFilesPath/lara.build/Debug-iphoneos/lara.build/Objects-normal/arm64e/lara_const_extract_protocols.json

WriteAuxiliaryFile /Users/system/Library/Developer/Xcode/DerivedData/lara-fjidnhqxodkaeehbqlqrachwnqzn/Build/Intermediates.noindex/ArchiveIntermediates/lara/IntermediateBuildFilesPath/lara.build/Debug-iphoneos/lara.build/Objects-normal/arm64e/lara.SwiftFileList (in target 'lara' from project 'lara')
    cd /Users/system/Documents/test/lara-main
    write-file /Users/system/Library/Developer/Xcode/DerivedData/lara-fjidnhqxodkaeehbqlqrachwnqzn/Build/Intermediates.noindex/ArchiveIntermediates/lara/IntermediateBuildFilesPath/lara.build/Debug-iphoneos/lara.build/Objects-normal/arm64e/lara.SwiftFileList

WriteAuxiliaryFile /Users/system/Library/Developer/Xcode/DerivedData/lara-fjidnhqxodkaeehbqlqrachwnqzn/Build/Intermediates.noindex/ArchiveIntermediates/lara/IntermediateBuildFilesPath/lara.build/Debug-iphoneos/lara.build/Objects-normal/arm64e/lara.SwiftConstValuesFileList (in target 'lara' from project 'lara')
    cd /Users/system/Documents/test/lara-main
    write-file /Users/system/Library/Developer/Xcode/DerivedData/lara-fjidnhqxodkaeehbqlqrachwnqzn/Build/Intermediates.noindex/ArchiveIntermediates/lara/IntermediateBuildFilesPath/lara.build/Debug-iphoneos/lara.build/Objects-normal/arm64e/lara.SwiftConstValuesFileList

WriteAuxiliaryFile /Users/system/Library/Developer/Xcode/DerivedData/lara-fjidnhqxodkaeehbqlqrachwnqzn/Build/Intermediates.noindex/ArchiveIntermediates/lara/IntermediateBuildFilesPath/lara.build/Debug-iphoneos/lara.build/Objects-normal/arm64e/lara.LinkFileList (in target 'lara' from project 'lara')
    cd /Users/system/Documents/test/lara-main
    write-file /Users/system/Library/Developer/Xcode/DerivedData/lara-fjidnhqxodkaeehbqlqrachwnqzn/Build/Intermediates.noindex/ArchiveIntermediates/lara/IntermediateBuildFilesPath/lara.build/Debug-iphoneos/lara.build/Objects-normal/arm64e/lara.LinkFileList

WriteAuxiliaryFile /Users/system/Library/Developer/Xcode/DerivedData/lara-fjidnhqxodkaeehbqlqrachwnqzn/Build/Intermediates.noindex/ArchiveIntermediates/lara/IntermediateBuildFilesPath/lara.build/Debug-iphoneos/lara.build/Objects-normal/arm64e/lara-OutputFileMap.json (in target 'lara' from project 'lara')
    cd /Users/system/Documents/test/lara-main
    write-file /Users/system/Library/Developer/Xcode/DerivedData/lara-fjidnhqxodkaeehbqlqrachwnqzn/Build/Intermediates.noindex/ArchiveIntermediates/lara/IntermediateBuildFilesPath/lara.build/Debug-iphoneos/lara.build/Objects-normal/arm64e/lara-OutputFileMap.json

WriteAuxiliaryFile /Users/system/Library/Developer/Xcode/DerivedData/lara-fjidnhqxodkaeehbqlqrachwnqzn/Build/Intermediates.noindex/ArchiveIntermediates/lara/IntermediateBuildFilesPath/lara.build/Debug-iphoneos/lara.build/Objects-normal/arm64e/e6072d4f65d7061329687fe24e3d63a7-common-args.resp (in target 'lara' from project 'lara')
    cd /Users/system/Documents/test/lara-main
    write-file /Users/system/Library/Developer/Xcode/DerivedData/lara-fjidnhqxodkaeehbqlqrachwnqzn/Build/Intermediates.noindex/ArchiveIntermediates/lara/IntermediateBuildFilesPath/lara.build/Debug-iphoneos/lara.build/Objects-normal/arm64e/e6072d4f65d7061329687fe24e3d63a7-common-args.resp
-target arm64e-apple-ios16.0 '-std=gnu17' -fobjc-arc -fobjc-weak -fmodules -gmodules '-fmodules-cache-path=/Users/system/Library/Developer/Xcode/DerivedData/ModuleCache.noindex' -fpascal-strings -O0 -fno-common '-DDEBUG=1' '-DOBJC_OLD_DISPATCH_PROTOTYPES=0' -isysroot /Applications/Xcode.app/Contents/Developer/Platforms/iPhoneOS.platform/Developer/SDKs/iPhoneOS18.2.sdk -g -iquote /Users/system/Library/Developer/Xcode/DerivedData/lara-fjidnhqxodkaeehbqlqrachwnqzn/Build/Intermediates.noindex/ArchiveIntermediates/lara/IntermediateBuildFilesPath/lara.build/Debug-iphoneos/lara.build/lara-generated-files.hmap -I/Users/system/Library/Developer/Xcode/DerivedData/lara-fjidnhqxodkaeehbqlqrachwnqzn/Build/Intermediates.noindex/ArchiveIntermediates/lara/IntermediateBuildFilesPath/lara.build/Debug-iphoneos/lara.build/lara-own-target-headers.hmap -I/Users/system/Library/Developer/Xcode/DerivedData/lara-fjidnhqxodkaeehbqlqrachwnqzn/Build/Intermediates.noindex/ArchiveIntermediates/lara/IntermediateBuildFilesPath/lara.build/Debug-iphoneos/lara.build/lara-all-target-headers.hmap -iquote /Users/system/Library/Developer/Xcode/DerivedData/lara-fjidnhqxodkaeehbqlqrachwnqzn/Build/Intermediates.noindex/ArchiveIntermediates/lara/IntermediateBuildFilesPath/lara.build/Debug-iphoneos/lara.build/lara-project-headers.hmap -I/Users/system/Library/Developer/Xcode/DerivedData/lara-fjidnhqxodkaeehbqlqrachwnqzn/Build/Intermediates.noindex/ArchiveIntermediates/lara/BuildProductsPath/Debug-iphoneos/include -I/Users/system/Documents/test/lara-main/lara -I/Users/system/Documents/test/lara-main/lara/kexploit -I/Users/system/Library/Developer/Xcode/DerivedData/lara-fjidnhqxodkaeehbqlqrachwnqzn/Build/Intermediates.noindex/ArchiveIntermediates/lara/IntermediateBuildFilesPath/lara.build/Debug-iphoneos/lara.build/DerivedSources-normal/arm64e -I/Users/system/Library/Developer/Xcode/DerivedData/lara-fjidnhqxodkaeehbqlqrachwnqzn/Build/Intermediates.noindex/ArchiveIntermediates/lara/IntermediateBuildFilesPath/lara.build/Debug-iphoneos/lara.build/DerivedSources/arm64e -I/Users/system/Library/Developer/Xcode/DerivedData/lara-fjidnhqxodkaeehbqlqrachwnqzn/Build/Intermediates.noindex/ArchiveIntermediates/lara/IntermediateBuildFilesPath/lara.build/Debug-iphoneos/lara.build/DerivedSources -F/Users/system/Library/Developer/Xcode/DerivedData/lara-fjidnhqxodkaeehbqlqrachwnqzn/Build/Intermediates.noindex/ArchiveIntermediates/lara/BuildProductsPath/Debug-iphoneos

SymLink /Users/system/Library/Developer/Xcode/DerivedData/lara-fjidnhqxodkaeehbqlqrachwnqzn/Build/Intermediates.noindex/ArchiveIntermediates/lara/BuildProductsPath/Debug-iphoneos/lara.app ../../InstallationBuildProductsLocation/Applications/lara.app (in target 'lara' from project 'lara')
    cd /Users/system/Documents/test/lara-main
    /bin/ln -sfh ../../InstallationBuildProductsLocation/Applications/lara.app /Users/system/Library/Developer/Xcode/DerivedData/lara-fjidnhqxodkaeehbqlqrachwnqzn/Build/Intermediates.noindex/ArchiveIntermediates/lara/BuildProductsPath/Debug-iphoneos/lara.app

MkDir /Users/system/Library/Developer/Xcode/DerivedData/lara-fjidnhqxodkaeehbqlqrachwnqzn/Build/Intermediates.noindex/ArchiveIntermediates/lara/InstallationBuildProductsLocation/Applications/lara.app (in target 'lara' from project 'lara')
    cd /Users/system/Documents/test/lara-main
    /bin/mkdir -p /Users/system/Library/Developer/Xcode/DerivedData/lara-fjidnhqxodkaeehbqlqrachwnqzn/Build/Intermediates.noindex/ArchiveIntermediates/lara/InstallationBuildProductsLocation/Applications/lara.app

MkDir /Users/system/Library/Developer/Xcode/DerivedData/lara-fjidnhqxodkaeehbqlqrachwnqzn/Build/Intermediates.noindex/ArchiveIntermediates/lara/InstallationBuildProductsLocation/Applications/lara.app/Frameworks (in target 'lara' from project 'lara')
    cd /Users/system/Documents/test/lara-main
    /bin/mkdir -p /Users/system/Library/Developer/Xcode/DerivedData/lara-fjidnhqxodkaeehbqlqrachwnqzn/Build/Intermediates.noindex/ArchiveIntermediates/lara/InstallationBuildProductsLocation/Applications/lara.app/Frameworks

CompileAssetCatalog /Users/system/Library/Developer/Xcode/DerivedData/lara-fjidnhqxodkaeehbqlqrachwnqzn/Build/Intermediates.noindex/ArchiveIntermediates/lara/InstallationBuildProductsLocation/Applications/lara.app /Users/system/Documents/test/lara-main/lara/other/media.xcassets (in target 'lara' from project 'lara')
    cd /Users/system/Documents/test/lara-main
    /Applications/Xcode.app/Contents/Developer/usr/bin/actool --output-format human-readable-text --notices --warnings --export-dependency-info /Users/system/Library/Developer/Xcode/DerivedData/lara-fjidnhqxodkaeehbqlqrachwnqzn/Build/Intermediates.noindex/ArchiveIntermediates/lara/IntermediateBuildFilesPath/lara.build/Debug-iphoneos/lara.build/assetcatalog_dependencies --output-partial-info-plist /Users/system/Library/Developer/Xcode/DerivedData/lara-fjidnhqxodkaeehbqlqrachwnqzn/Build/Intermediates.noindex/ArchiveIntermediates/lara/IntermediateBuildFilesPath/lara.build/Debug-iphoneos/lara.build/assetcatalog_generated_info.plist --app-icon AppIcon --include-all-app-icons --compress-pngs --enable-on-demand-resources YES --development-region en --target-device iphone --target-device ipad --minimum-deployment-target 16.0 --platform iphoneos --compile /Users/system/Library/Developer/Xcode/DerivedData/lara-fjidnhqxodkaeehbqlqrachwnqzn/Build/Intermediates.noindex/ArchiveIntermediates/lara/InstallationBuildProductsLocation/Applications/lara.app /Users/system/Documents/test/lara-main/lara/other/media.xcassets
/* com.apple.actool.errors */
/Users/system/Documents/test/lara-main/lara/other/media.xcassets: error: No available simulator runtimes for platform iphonesimulator. SimServiceContext supportedRuntimes=[]
/* com.apple.actool.document.warnings */
/Users/system/Documents/test/lara-main/lara/other/media.xcassets:./AppIcon.appiconset/[ios][universal][1024x1024][][][][][tinted][][]: warning: AppIcon.appiconset/out.png is 2048x2048 but should be 1024x1024.
/* com.apple.actool.compilation-results */
/Users/system/Library/Developer/Xcode/DerivedData/lara-fjidnhqxodkaeehbqlqrachwnqzn/Build/Intermediates.noindex/ArchiveIntermediates/lara/InstallationBuildProductsLocation/Applications/lara.app/AppIcon60x60@2x.png
/Users/system/Library/Developer/Xcode/DerivedData/lara-fjidnhqxodkaeehbqlqrachwnqzn/Build/Intermediates.noindex/ArchiveIntermediates/lara/InstallationBuildProductsLocation/Applications/lara.app/AppIcon76x76@2x~ipad.png
/Users/system/Library/Developer/Xcode/DerivedData/lara-fjidnhqxodkaeehbqlqrachwnqzn/Build/Intermediates.noindex/ArchiveIntermediates/lara/IntermediateBuildFilesPath/lara.build/Debug-iphoneos/lara.build/assetcatalog_generated_info.plist


GenerateAssetSymbols /Users/system/Documents/test/lara-main/lara/other/media.xcassets (in target 'lara' from project 'lara')
    cd /Users/system/Documents/test/lara-main
    /Applications/Xcode.app/Contents/Developer/usr/bin/actool --output-format human-readable-text --notices --warnings --export-dependency-info /Users/system/Library/Developer/Xcode/DerivedData/lara-fjidnhqxodkaeehbqlqrachwnqzn/Build/Intermediates.noindex/ArchiveIntermediates/lara/IntermediateBuildFilesPath/lara.build/Debug-iphoneos/lara.build/assetcatalog_dependencies --output-partial-info-plist /Users/system/Library/Developer/Xcode/DerivedData/lara-fjidnhqxodkaeehbqlqrachwnqzn/Build/Intermediates.noindex/ArchiveIntermediates/lara/IntermediateBuildFilesPath/lara.build/Debug-iphoneos/lara.build/assetcatalog_generated_info.plist --app-icon AppIcon --include-all-app-icons --compress-pngs --enable-on-demand-resources YES --development-region en --target-device iphone --target-device ipad --minimum-deployment-target 16.0 --platform iphoneos --compile /Users/system/Library/Developer/Xcode/DerivedData/lara-fjidnhqxodkaeehbqlqrachwnqzn/Build/Intermediates.noindex/ArchiveIntermediates/lara/InstallationBuildProductsLocation/Applications/lara.app /Users/system/Documents/test/lara-main/lara/other/media.xcassets --bundle-identifier com.roooot.lara --generate-swift-asset-symbols /Users/system/Library/Developer/Xcode/DerivedData/lara-fjidnhqxodkaeehbqlqrachwnqzn/Build/Intermediates.noindex/ArchiveIntermediates/lara/IntermediateBuildFilesPath/lara.build/Debug-iphoneos/lara.build/DerivedSources/GeneratedAssetSymbols.swift --generate-objc-asset-symbols /Users/system/Library/Developer/Xcode/DerivedData/lara-fjidnhqxodkaeehbqlqrachwnqzn/Build/Intermediates.noindex/ArchiveIntermediates/lara/IntermediateBuildFilesPath/lara.build/Debug-iphoneos/lara.build/DerivedSources/GeneratedAssetSymbols.h --generate-asset-symbol-index /Users/system/Library/Developer/Xcode/DerivedData/lara-fjidnhqxodkaeehbqlqrachwnqzn/Build/Intermediates.noindex/ArchiveIntermediates/lara/IntermediateBuildFilesPath/lara.build/Debug-iphoneos/lara.build/DerivedSources/GeneratedAssetSymbols-Index.plist
/* com.apple.actool.document.warnings */
/Users/system/Documents/test/lara-main/lara/other/media.xcassets:./AppIcon.appiconset/[ios][universal][1024x1024][][][][][tinted][][]: warning: AppIcon.appiconset/out.png is 2048x2048 but should be 1024x1024.
/* com.apple.actool.compilation-results */
/Users/system/Library/Developer/Xcode/DerivedData/lara-fjidnhqxodkaeehbqlqrachwnqzn/Build/Intermediates.noindex/ArchiveIntermediates/lara/IntermediateBuildFilesPath/lara.build/Debug-iphoneos/lara.build/DerivedSources/GeneratedAssetSymbols-Index.plist
/Users/system/Library/Developer/Xcode/DerivedData/lara-fjidnhqxodkaeehbqlqrachwnqzn/Build/Intermediates.noindex/ArchiveIntermediates/lara/IntermediateBuildFilesPath/lara.build/Debug-iphoneos/lara.build/DerivedSources/GeneratedAssetSymbols.h
/Users/system/Library/Developer/Xcode/DerivedData/lara-fjidnhqxodkaeehbqlqrachwnqzn/Build/Intermediates.noindex/ArchiveIntermediates/lara/IntermediateBuildFilesPath/lara.build/Debug-iphoneos/lara.build/DerivedSources/GeneratedAssetSymbols.swift


SwiftDriver lara normal arm64e com.apple.xcode.tools.swift.compiler (in target 'lara' from project 'lara')
    cd /Users/system/Documents/test/lara-main
    builtin-SwiftDriver -- /Applications/Xcode.app/Contents/Developer/Toolchains/XcodeDefault.xctoolchain/usr/bin/swiftc -module-name lara -Onone -enforce-exclusivity\=checked @/Users/system/Library/Developer/Xcode/DerivedData/lara-fjidnhqxodkaeehbqlqrachwnqzn/Build/Intermediates.noindex/ArchiveIntermediates/lara/IntermediateBuildFilesPath/lara.build/Debug-iphoneos/lara.build/Objects-normal/arm64e/lara.SwiftFileList -DDEBUG -enable-bare-slash-regex -enable-experimental-feature DebugDescriptionMacro -sdk /Applications/Xcode.app/Contents/Developer/Platforms/iPhoneOS.platform/Developer/SDKs/iPhoneOS18.2.sdk -target arm64e-apple-ios16.0 -g -module-cache-path /Users/system/Library/Developer/Xcode/DerivedData/ModuleCache.noindex -Xfrontend -serialize-debugging-options -enable-testing -Xcc -D_LIBCPP_HARDENING_MODE\=_LIBCPP_HARDENING_MODE_DEBUG -swift-version 5 -I /Users/system/Library/Developer/Xcode/DerivedData/lara-fjidnhqxodkaeehbqlqrachwnqzn/Build/Intermediates.noindex/ArchiveIntermediates/lara/BuildProductsPath/Debug-iphoneos -F /Users/system/Library/Developer/Xcode/DerivedData/lara-fjidnhqxodkaeehbqlqrachwnqzn/Build/Intermediates.noindex/ArchiveIntermediates/lara/BuildProductsPath/Debug-iphoneos -emit-localized-strings -emit-localized-strings-path /Users/system/Library/Developer/Xcode/DerivedData/lara-fjidnhqxodkaeehbqlqrachwnqzn/Build/Intermediates.noindex/ArchiveIntermediates/lara/IntermediateBuildFilesPath/lara.build/Debug-iphoneos/lara.build/Objects-normal/arm64e -c -j8 -enable-batch-mode -incremental -Xcc -ivfsstatcache -Xcc /Users/system/Library/Developer/Xcode/DerivedData/SDKStatCaches.noindex/iphoneos18.2-22C146-d5b9239ec3bf5b3adbecdf21472871e3.sdkstatcache -output-file-map /Users/system/Library/Developer/Xcode/DerivedData/lara-fjidnhqxodkaeehbqlqrachwnqzn/Build/Intermediates.noindex/ArchiveIntermediates/lara/IntermediateBuildFilesPath/lara.build/Debug-iphoneos/lara.build/Objects-normal/arm64e/lara-OutputFileMap.json -use-frontend-parseable-output -save-temps -no-color-diagnostics -serialize-diagnostics -emit-dependencies -emit-module -emit-module-path /Users/system/Library/Developer/Xcode/DerivedData/lara-fjidnhqxodkaeehbqlqrachwnqzn/Build/Intermediates.noindex/ArchiveIntermediates/lara/IntermediateBuildFilesPath/lara.build/Debug-iphoneos/lara.build/Objects-normal/arm64e/lara.swiftmodule -validate-clang-modules-once -clang-build-session-file /Users/system/Library/Developer/Xcode/DerivedData/ModuleCache.noindex/Session.modulevalidation -Xcc -I/Users/system/Library/Developer/Xcode/DerivedData/lara-fjidnhqxodkaeehbqlqrachwnqzn/Build/Intermediates.noindex/ArchiveIntermediates/lara/IntermediateBuildFilesPath/lara.build/Debug-iphoneos/lara.build/swift-overrides.hmap -emit-const-values -Xfrontend -const-gather-protocols-file -Xfrontend /Users/system/Library/Developer/Xcode/DerivedData/lara-fjidnhqxodkaeehbqlqrachwnqzn/Build/Intermediates.noindex/ArchiveIntermediates/lara/IntermediateBuildFilesPath/lara.build/Debug-iphoneos/lara.build/Objects-normal/arm64e/lara_const_extract_protocols.json -Xcc -iquote -Xcc /Users/system/Library/Developer/Xcode/DerivedData/lara-fjidnhqxodkaeehbqlqrachwnqzn/Build/Intermediates.noindex/ArchiveIntermediates/lara/IntermediateBuildFilesPath/lara.build/Debug-iphoneos/lara.build/lara-generated-files.hmap -Xcc -I/Users/system/Library/Developer/Xcode/DerivedData/lara-fjidnhqxodkaeehbqlqrachwnqzn/Build/Intermediates.noindex/ArchiveIntermediates/lara/IntermediateBuildFilesPath/lara.build/Debug-iphoneos/lara.build/lara-own-target-headers.hmap -Xcc -I/Users/system/Library/Developer/Xcode/DerivedData/lara-fjidnhqxodkaeehbqlqrachwnqzn/Build/Intermediates.noindex/ArchiveIntermediates/lara/IntermediateBuildFilesPath/lara.build/Debug-iphoneos/lara.build/lara-all-target-headers.hmap -Xcc -iquote -Xcc /Users/system/Library/Developer/Xcode/DerivedData/lara-fjidnhqxodkaeehbqlqrachwnqzn/Build/Intermediates.noindex/ArchiveIntermediates/lara/IntermediateBuildFilesPath/lara.build/Debug-iphoneos/lara.build/lara-project-headers.hmap -Xcc -I/Users/system/Library/Developer/Xcode/DerivedData/lara-fjidnhqxodkaeehbqlqrachwnqzn/Build/Intermediates.noindex/ArchiveIntermediates/lara/BuildProductsPath/Debug-iphoneos/include -Xcc -I/Users/system/Documents/test/lara-main/lara -Xcc -I/Users/system/Documents/test/lara-main/lara/kexploit -Xcc -I/Users/system/Library/Developer/Xcode/DerivedData/lara-fjidnhqxodkaeehbqlqrachwnqzn/Build/Intermediates.noindex/ArchiveIntermediates/lara/IntermediateBuildFilesPath/lara.build/Debug-iphoneos/lara.build/DerivedSources-normal/arm64e -Xcc -I/Users/system/Library/Developer/Xcode/DerivedData/lara-fjidnhqxodkaeehbqlqrachwnqzn/Build/Intermediates.noindex/ArchiveIntermediates/lara/IntermediateBuildFilesPath/lara.build/Debug-iphoneos/lara.build/DerivedSources/arm64e -Xcc -I/Users/system/Library/Developer/Xcode/DerivedData/lara-fjidnhqxodkaeehbqlqrachwnqzn/Build/Intermediates.noindex/ArchiveIntermediates/lara/IntermediateBuildFilesPath/lara.build/Debug-iphoneos/lara.build/DerivedSources -Xcc -DDEBUG\=1 -emit-objc-header -emit-objc-header-path /Users/system/Library/Developer/Xcode/DerivedData/lara-fjidnhqxodkaeehbqlqrachwnqzn/Build/Intermediates.noindex/ArchiveIntermediates/lara/IntermediateBuildFilesPath/lara.build/Debug-iphoneos/lara.build/Objects-normal/arm64e/lara-Swift.h -import-objc-header /Users/system/Documents/test/lara-main/lara/lara-Bridging-Header.h -pch-output-dir /Users/system/Library/Developer/Xcode/DerivedData/lara-fjidnhqxodkaeehbqlqrachwnqzn/Build/Intermediates.noindex/ArchiveIntermediates/lara/PrecompiledHeaders -working-directory /Users/system/Documents/test/lara-main -experimental-emit-module-separately -disable-cmo

note: Run script build phase 'Force Sign Embedded Dylibs' will be run during every build because the option to run the script phase "Based on dependency analysis" is unchecked. (in target 'lara' from project 'lara')
** ARCHIVE FAILED **


The following build commands failed:
	CompileAssetCatalog /Users/system/Library/Developer/Xcode/DerivedData/lara-fjidnhqxodkaeehbqlqrachwnqzn/Build/Intermediates.noindex/ArchiveIntermediates/lara/InstallationBuildProductsLocation/Applications/lara.app /Users/system/Documents/test/lara-main/lara/other/media.xcassets (in target 'lara' from project 'lara')
	Archiving project lara with scheme lara
(2 failures)
